[19:47:23] [Server thread/INFO]: Starting minecraft server version 1.12.2
[19:47:23] [Server thread/WARN]: To start the server with more ram, launch it as "java -Xmx1024M -Xms1024M -jar minecraft_server.jar"
[19:47:23] [Server thread/INFO]: Loading properties
[19:47:23] [Server thread/INFO]: Default game type: SURVIVAL
[19:47:24] [Server thread/INFO]: This server is running CraftBukkit version git-Spigot-2086bb0-8cc5a7e (MC: 1.12.2) (Implementing API version 1.12.2-R0.1-SNAPSHOT)
[19:47:24] [Server thread/INFO]: Debug logging is disabled
[19:47:24] [Server thread/INFO]: Server Ping Player Sample Count: 12
[19:47:24] [Server thread/INFO]: Using 4 threads for Netty based IO
[19:47:24] [Server thread/INFO]: Generating keypair
[19:47:24] [Server thread/INFO]: Starting Minecraft server on *:25000
[19:47:24] [Server thread/INFO]: Using default channel type
[19:47:25] [Server thread/INFO]: Set PluginClassLoader as parallel capable
[19:47:25] [Server thread/INFO]: [All-In-One_Minecraft_Plugin] Loading All-In-One_Minecraft_Plugin v1.0
[19:47:25] [Server thread/INFO]: **** Beginning UUID conversion, this may take A LONG time ****
[19:47:25] [Server thread/INFO]: Preparing level "world"
[19:47:25] [Server thread/INFO]: -------- World Settings For [world] --------
[19:47:25] [Server thread/INFO]: Allow Zombie Pigmen to spawn from portal blocks: true
[19:47:25] [Server thread/INFO]: Arrow Despawn Rate: 1200
[19:47:25] [Server thread/INFO]: Zombie Aggressive Towards Villager: true
[19:47:25] [Server thread/INFO]: Nerfing mobs spawned from spawners: false
[19:47:25] [Server thread/INFO]: Experience Merge Radius: 3.0
[19:47:25] [Server thread/INFO]: View Distance: 10
[19:47:25] [Server thread/INFO]: Item Despawn Rate: 6000
[19:47:25] [Server thread/INFO]: Item Merge Radius: 2.5
[19:47:25] [Server thread/INFO]: Mob Spawn Range: 4
[19:47:25] [Server thread/INFO]: Cactus Growth Modifier: 100%
[19:47:25] [Server thread/INFO]: Cane Growth Modifier: 100%
[19:47:25] [Server thread/INFO]: Melon Growth Modifier: 100%
[19:47:25] [Server thread/INFO]: Mushroom Growth Modifier: 100%
[19:47:25] [Server thread/INFO]: Pumpkin Growth Modifier: 100%
[19:47:25] [Server thread/INFO]: Sapling Growth Modifier: 100%
[19:47:25] [Server thread/INFO]: Wheat Growth Modifier: 100%
[19:47:25] [Server thread/INFO]: NetherWart Growth Modifier: 100%
[19:47:25] [Server thread/INFO]: Vine Growth Modifier: 100%
[19:47:25] [Server thread/INFO]: Cocoa Growth Modifier: 100%
[19:47:25] [Server thread/INFO]: Entity Activation Range: An 32 / Mo 32 / Mi 16 / Tiv true
[19:47:25] [Server thread/INFO]: Entity Tracking Range: Pl 48 / An 48 / Mo 48 / Mi 32 / Other 64
[19:47:25] [Server thread/INFO]: Hopper Transfer: 8 Hopper Check: 1 Hopper Amount: 1
[19:47:25] [Server thread/INFO]: Random Lighting Updates: false
[19:47:25] [Server thread/INFO]: Structure Info Saving: true
[19:47:25] [Server thread/INFO]: Custom Map Seeds:  Village: 10387312 Feature: 14357617 Monument: 10387313 Slime: 987234911
[19:47:25] [Server thread/INFO]: Max TNT Explosions: 100
[19:47:25] [Server thread/INFO]: Tile Max Tick Time: 50ms Entity max Tick Time: 50ms
[19:47:27] [Server thread/INFO]: Preparing start region for level 0 (Seed: 5319486987286045278)
[19:47:29] [Server thread/INFO]: Preparing spawn area: 0%
[19:47:30] [Server thread/INFO]: Preparing spawn area: 12%
[19:47:31] [Server thread/INFO]: Preparing spawn area: 43%
[19:47:32] [Server thread/INFO]: Preparing spawn area: 81%
[19:47:33] [Server thread/INFO]: [All-In-One_Minecraft_Plugin] Enabling All-In-One_Minecraft_Plugin v1.0
[19:47:33] [Server thread/INFO]: [All-In-One_Minecraft_Plugin] Starting All-In-One Plugin
[19:47:33] [Server thread/INFO]: Server permissions file permissions.yml is empty, ignoring it
[19:47:33] [Server thread/INFO]: Done (8.130s)! For help, type "help" or "?"
[19:49:10] [User Authenticator #1/INFO]: UUID of player DaniFoldi is 5f800caa-5148-427a-b4d8-e2f9d2d4413a
[19:49:10] [Server thread/INFO]: DaniFoldi[/127.0.0.1:62498] logged in with entity id 343 at ([world]-286.51663680267967, 73.0, 272.1908075597085)
[19:49:18] [Server thread/INFO]: DaniFoldi issued server command: /icanhasbukkit
[19:52:59] [Server thread/INFO]: DaniFoldi issued server command: /tps
[19:53:05] [Server thread/INFO]: DaniFoldi issued server command: /plugins
[19:53:12] [Server thread/INFO]: DaniFoldi issued server command: /tps
[19:56:40] [Server thread/INFO]: DaniFoldi has made the advancement [Best Friends Forever]
[19:56:46] [Server thread/INFO]: DaniFoldi issued server command: /give danifoldi saddle
[19:56:46] [Server thread/INFO]: [DaniFoldi: Given [Saddle] * 1 to DaniFoldi]
[19:57:11] [Server thread/INFO]: DaniFoldi issued server command: /fly
[20:03:44] [Server thread/INFO]: DaniFoldi lost connection: Internal Exception: java.io.IOException: Connection reset by peer
[20:03:44] [Server thread/INFO]: DaniFoldihas joined the game. Welcome!
